<?xml version="1.0" encoding="UTF-8"?>
<robot generator="Robot 3.1.1 (Python 3.7.3 on win32)" generated="20190612 14:59:17.748" rpa="false">
<suite id="s1" name="01 Facebook Register Success" source="C:\Project\robotframework-test-logs\Scenario\01_facebook_register_success.robot">
<test id="s1-t1" name="Test Case success">
<kw name="Log On Thread" library="logger">
<arguments>
<arg>on thread [Register]- open facebook</arg>
</arguments>
<status status="PASS" starttime="20190612 14:59:19.149" endtime="20190612 14:59:19.156"></status>
</kw>
<status status="PASS" starttime="20190612 14:59:19.149" endtime="20190612 14:59:19.157" critical="yes"></status>
</test>
<test id="s1-t2" name="1.Open browser">
<kw name="My Logger" library="logger">
<arguments>
<arg>[Register]- open browser</arg>
</arguments>
<msg timestamp="20190612 14:59:19.159" level="INFO">[Register]- open browser</msg>
<status status="PASS" starttime="20190612 14:59:19.159" endtime="20190612 14:59:19.159"></status>
</kw>
<kw name="Open chrom set option" library="facebook_login_keyword">
<kw name="Evaluate" library="BuiltIn">
<doc>Evaluates the given expression in Python and returns the results.</doc>
<arguments>
<arg>sys.modules['selenium.webdriver.chrome.options'].Options()</arg>
<arg>sys</arg>
</arguments>
<assign>
<var>${options}</var>
</assign>
<msg timestamp="20190612 14:59:19.159" level="INFO">${options} = &lt;selenium.webdriver.chrome.options.Options object at 0x0000024C84FC9D68&gt;</msg>
<status status="PASS" starttime="20190612 14:59:19.159" endtime="20190612 14:59:19.159"></status>
</kw>
<kw name="Call Method" library="BuiltIn">
<doc>Calls the named method of the given object with the provided arguments.</doc>
<arguments>
<arg>${options}</arg>
<arg>add_argument</arg>
<arg>--disable-notifications</arg>
</arguments>
<status status="PASS" starttime="20190612 14:59:19.159" endtime="20190612 14:59:19.159"></status>
</kw>
<kw name="Create Webdriver" library="Selenium2Library">
<doc>Creates an instance of Selenium WebDriver.</doc>
<arguments>
<arg>Chrome</arg>
<arg>options=${options}</arg>
</arguments>
<assign>
<var>${driver}</var>
</assign>
<msg timestamp="20190612 14:59:19.159" level="INFO">Creating an instance of the Chrome WebDriver.</msg>
<msg timestamp="20190612 14:59:21.416" level="INFO">${driver} = 1</msg>
<status status="PASS" starttime="20190612 14:59:19.159" endtime="20190612 14:59:21.416"></status>
</kw>
<kw name="Maximize Browser Window" library="Selenium2Library">
<doc>Maximizes current browser window.</doc>
<status status="PASS" starttime="20190612 14:59:21.416" endtime="20190612 14:59:22.547"></status>
</kw>
<status status="PASS" starttime="20190612 14:59:19.159" endtime="20190612 14:59:22.548"></status>
</kw>
<status status="PASS" starttime="20190612 14:59:19.159" endtime="20190612 14:59:22.548" critical="yes"></status>
</test>
<test id="s1-t3" name="2. Open facebook">
<kw name="My Logger" library="logger">
<arguments>
<arg>[Register]- open facebook</arg>
</arguments>
<msg timestamp="20190612 14:59:22.550" level="INFO">[Register]- open facebook</msg>
<status status="PASS" starttime="20190612 14:59:22.550" endtime="20190612 14:59:22.550"></status>
</kw>
<kw name="Go To" library="Selenium2Library">
<doc>Navigates the active browser instance to the provided ``url``.</doc>
<arguments>
<arg>${url_facebook}</arg>
</arguments>
<msg timestamp="20190612 14:59:22.551" level="INFO">Opening url 'https://www.facebook.com'</msg>
<status status="PASS" starttime="20190612 14:59:22.551" endtime="20190612 14:59:24.235"></status>
</kw>
<status status="PASS" starttime="20190612 14:59:22.549" endtime="20190612 14:59:24.236" critical="yes"></status>
</test>
<test id="s1-t4" name="3. Filling out Birthday">
<kw name="get_data_googleDrive_atSheet">
<arguments>
<arg>${google_doc}</arg>
<arg>${1}</arg>
<arg>A1</arg>
<arg>B1</arg>
</arguments>
<assign>
<var>${combo_box_day}</var>
<var>${combo_box_day_value} =</var>
</assign>
<msg timestamp="20190612 14:59:24.258" level="FAIL">No keyword with name 'get_data_googleDrive_atSheet' found.</msg>
<status status="FAIL" starttime="20190612 14:59:24.257" endtime="20190612 14:59:24.258"></status>
</kw>
<status status="FAIL" starttime="20190612 14:59:24.237" endtime="20190612 14:59:24.260" critical="yes">No keyword with name 'get_data_googleDrive_atSheet' found.</status>
</test>
<test id="s1-t5" name="4. Filling out of sex">
<kw name="Select Radio Button" library="Selenium2Library">
<doc>Sets radio button group ``group_name`` to ``value``.</doc>
<arguments>
<arg>${radio_box_sex}</arg>
<arg>${radio_box_sex_value}</arg>
</arguments>
<msg timestamp="20190612 14:59:24.264" level="INFO">Selecting '1' from radio button 'sex'.</msg>
<status status="PASS" starttime="20190612 14:59:24.263" endtime="20190612 14:59:24.793"></status>
</kw>
<status status="PASS" starttime="20190612 14:59:24.262" endtime="20190612 14:59:24.794" critical="yes"></status>
</test>
<test id="s1-t6" name="5. Input first name">
<kw name="Input Text" library="Selenium2Library">
<doc>Types the given ``text`` into text field identified by ``locator``.</doc>
<arguments>
<arg>${text_box_firstName}</arg>
<arg>${text_box_firstName_value}</arg>
</arguments>
<msg timestamp="20190612 14:59:24.797" level="INFO">Typing text 'Test_First_Name' into text field '//*[@name="firstname"]'.</msg>
<status status="PASS" starttime="20190612 14:59:24.796" endtime="20190612 14:59:25.049"></status>
</kw>
<status status="PASS" starttime="20190612 14:59:24.796" endtime="20190612 14:59:25.049" critical="yes"></status>
</test>
<test id="s1-t7" name="6. Input surname">
<kw name="Input Text" library="Selenium2Library">
<doc>Types the given ``text`` into text field identified by ``locator``.</doc>
<arguments>
<arg>${text_box_lastName}</arg>
<arg>${text_box_lastName_value}</arg>
</arguments>
<msg timestamp="20190612 14:59:25.052" level="INFO">Typing text 'Test_LastFirst_Name' into text field '//*[@name="lastname"]'.</msg>
<status status="PASS" starttime="20190612 14:59:25.051" endtime="20190612 14:59:25.366"></status>
</kw>
<status status="PASS" starttime="20190612 14:59:25.051" endtime="20190612 14:59:25.366" critical="yes"></status>
</test>
<test id="s1-t8" name="7. Input password">
<kw name="Input Text" library="Selenium2Library">
<doc>Types the given ``text`` into text field identified by ``locator``.</doc>
<arguments>
<arg>${text_box_email}</arg>
<arg>${text_box_email_value}</arg>
</arguments>
<msg timestamp="20190612 14:59:25.369" level="INFO">Typing text 'hadsai.g@gmail.com' into text field '//*[@name="reg_email__"]'.</msg>
<status status="PASS" starttime="20190612 14:59:25.369" endtime="20190612 14:59:25.655"></status>
</kw>
<kw name="Input Text" library="Selenium2Library">
<doc>Types the given ``text`` into text field identified by ``locator``.</doc>
<arguments>
<arg>${text_box_reEmail}</arg>
<arg>${text_box_reEmail_value}</arg>
</arguments>
<msg timestamp="20190612 14:59:25.657" level="INFO">Typing text 'hadsai.g@gmail.com' into text field '//*[@name="reg_email_confirmation__"]'.</msg>
<status status="PASS" starttime="20190612 14:59:25.656" endtime="20190612 14:59:25.963"></status>
</kw>
<status status="PASS" starttime="20190612 14:59:25.368" endtime="20190612 14:59:25.964" critical="yes"></status>
</test>
<test id="s1-t9" name="8. Input confirm-password">
<kw name="Input Text" library="Selenium2Library">
<doc>Types the given ``text`` into text field identified by ``locator``.</doc>
<arguments>
<arg>${text_box_password}</arg>
<arg>${text_box_password_value}</arg>
</arguments>
<msg timestamp="20190612 14:59:25.967" level="INFO">Typing text 'test1234' into text field '//*[@name="reg_passwd__"]'.</msg>
<status status="PASS" starttime="20190612 14:59:25.967" endtime="20190612 14:59:26.102"></status>
</kw>
<status status="PASS" starttime="20190612 14:59:25.966" endtime="20190612 14:59:26.103" critical="yes"></status>
</test>
<test id="s1-t10" name="9. Verify Login Success and LineNotify">
<kw name="Capture Page Screenshot" library="Selenium2Library">
<doc>Takes screenshot of the current page and embeds it into log file.</doc>
<arguments>
<arg>${filename}Register.${TYPE OF FILE}</arg>
</arguments>
<msg timestamp="20190612 14:59:26.536" level="INFO" html="yes">&lt;/td&gt;&lt;/tr&gt;&lt;tr&gt;&lt;td colspan="3"&gt;&lt;a href="Screenshot/T01_Register.png"&gt;&lt;img src="Screenshot/T01_Register.png" width="800px"&gt;&lt;/a&gt;</msg>
<status status="PASS" starttime="20190612 14:59:26.106" endtime="20190612 14:59:26.536"></status>
</kw>
<kw name="Notify Image File" library="lineNotification">
<arguments>
<arg>${filename}Register.${TYPE OF FILE}</arg>
</arguments>
<msg timestamp="20190612 14:59:26.536" level="INFO">Starting new HTTPS connection (1): notify-api.line.me</msg>
<status status="PASS" starttime="20190612 14:59:26.536" endtime="20190612 14:59:28.143"></status>
</kw>
<status status="PASS" starttime="20190612 14:59:26.105" endtime="20190612 14:59:28.143" critical="yes"></status>
</test>
<test id="s1-t11" name="9. Register Facebook">
<kw name="Click Element" library="Selenium2Library">
<doc>Click element identified by ``locator``.</doc>
<arguments>
<arg>${register_button}</arg>
</arguments>
<msg timestamp="20190612 14:59:28.146" level="INFO">Clicking element '//*[@name="websubmit"]'.</msg>
<status status="PASS" starttime="20190612 14:59:28.146" endtime="20190612 14:59:28.248"></status>
</kw>
<status status="PASS" starttime="20190612 14:59:28.143" endtime="20190612 14:59:28.249" critical="yes"></status>
</test>
<test id="s1-t12" name="10. Close facebook">
<kw name="Sleep" library="BuiltIn">
<doc>Pauses the test executed for the given time.</doc>
<arguments>
<arg>3s</arg>
</arguments>
<msg timestamp="20190612 14:59:31.256" level="INFO">Slept 3 seconds</msg>
<status status="PASS" starttime="20190612 14:59:28.251" endtime="20190612 14:59:31.256"></status>
</kw>
<kw name="Close Browser" library="Selenium2Library">
<doc>Closes the current browser.</doc>
<status status="PASS" starttime="20190612 14:59:31.256" endtime="20190612 14:59:33.410"></status>
</kw>
<kw name="Finish All" library="logger">
<msg timestamp="20190612 14:59:33.411" level="INFO" html="yes">&lt;b&gt;Messages by 'Thread-1'&lt;/b&gt;</msg>
<msg timestamp="20190612 14:59:19.156" level="INFO">on thread [Register]- open facebook</msg>
<status status="PASS" starttime="20190612 14:59:33.411" endtime="20190612 14:59:33.411"></status>
</kw>
<status status="PASS" starttime="20190612 14:59:28.250" endtime="20190612 14:59:33.411" critical="yes"></status>
</test>
<doc>A test suite with a single test for valid login.</doc>
<status status="FAIL" starttime="20190612 14:59:17.748" endtime="20190612 14:59:33.412"></status>
</suite>
<statistics>
<total>
<stat pass="11" fail="1">Critical Tests</stat>
<stat pass="11" fail="1">All Tests</stat>
</total>
<tag>
</tag>
<suite>
<stat pass="11" fail="1" id="s1" name="01 Facebook Register Success">01 Facebook Register Success</stat>
</suite>
</statistics>
<errors>
<msg timestamp="20190612 14:59:19.057" level="ERROR">Error in file 'C:\Project\robotframework-test-logs\Keyword\facebook_login_keyword.robot': Importing test library 'C:\Project\robotframework-test-logs\CommonLib\spreadsheetConnector.py' failed: FileNotFoundError: [Errno 2] No such file or directory: '../Config/FacebookLogin-json.json'
Traceback (most recent call last):
  File "C:\Project\robotframework-test-logs\CommonLib\spreadsheetConnector.py", line 107, in &lt;module&gt;
    a , b = get_data_googleDrive(fileN , 'A1', 'B1')
  File "C:\Project\robotframework-test-logs\CommonLib\spreadsheetConnector.py", line 32, in get_data_googleDrive
    creds = ServiceAccountCredentials.from_json_keyfile_name(JSON_KEY_FILE_NAME, scope)
  File "c:\python27\lib\site-packages\oauth2client\service_account.py", line 219, in from_json_keyfile_name
    with open(filename, 'r') as file_obj:
PYTHONPATH:
  C:\Python27\Scripts\robot.exe
  c:\python27\python37.zip
  c:\python27\DLLs
  c:\python27\lib
  c:\python27
  C:\Users\QA1\AppData\Roaming\Python\Python37\site-packages
  c:\python27\lib\site-packages
  c:\python27\lib\site-packages\setuptools-41.0.1-py3.7.egg
  c:\python27\lib\site-packages\win32
  c:\python27\lib\site-packages\win32\lib
  c:\python27\lib\site-packages\Pythonwin</msg>
<msg timestamp="20190612 14:59:19.147" level="ERROR">Error in file 'C:\Project\robotframework-test-logs\Keyword\facebook_register_keyword.robot': Importing test library 'C:\Project\robotframework-test-logs\CommonLib\spreadsheetConnector.py' failed: FileNotFoundError: [Errno 2] No such file or directory: '../Config/FacebookLogin-json.json'
Traceback (most recent call last):
  File "C:\Project\robotframework-test-logs\CommonLib\spreadsheetConnector.py", line 107, in &lt;module&gt;
    a , b = get_data_googleDrive(fileN , 'A1', 'B1')
  File "C:\Project\robotframework-test-logs\CommonLib\spreadsheetConnector.py", line 32, in get_data_googleDrive
    creds = ServiceAccountCredentials.from_json_keyfile_name(JSON_KEY_FILE_NAME, scope)
  File "c:\python27\lib\site-packages\oauth2client\service_account.py", line 219, in from_json_keyfile_name
    with open(filename, 'r') as file_obj:
PYTHONPATH:
  C:\Python27\Scripts\robot.exe
  c:\python27\python37.zip
  c:\python27\DLLs
  c:\python27\lib
  c:\python27
  C:\Users\QA1\AppData\Roaming\Python\Python37\site-packages
  c:\python27\lib\site-packages
  c:\python27\lib\site-packages\setuptools-41.0.1-py3.7.egg
  c:\python27\lib\site-packages\win32
  c:\python27\lib\site-packages\win32\lib
  c:\python27\lib\site-packages\Pythonwin</msg>
</errors>
</robot>
